<?xml version="1.0" encoding="UTF-8"?>
<testsuite name="com.example.account.controller.TransactionControllerTest" tests="3" skipped="0" failures="0" errors="0" timestamp="2023-05-19T15:24:52" hostname="DESKTOP-NS51B2D" time="0.045">
  <properties/>
  <testcase name="successUseBalance()" classname="com.example.account.controller.TransactionControllerTest" time="0.023"/>
  <testcase name="successQueryTransaction()" classname="com.example.account.controller.TransactionControllerTest" time="0.009"/>
  <testcase name="successCancelBalance()" classname="com.example.account.controller.TransactionControllerTest" time="0.01"/>
  <system-out><![CDATA[2023-05-20 00:24:52.523  INFO 33336 --- [    Test worker] .b.t.a.w.s.WebMvcTestContextBootstrapper : Neither @ContextConfiguration nor @ContextHierarchy found for test class [com.example.account.controller.TransactionControllerTest], using SpringBootContextLoader
2023-05-20 00:24:52.524  INFO 33336 --- [    Test worker] o.s.t.c.support.AbstractContextLoader    : Could not detect default resource locations for test class [com.example.account.controller.TransactionControllerTest]: no resource found for suffixes {-context.xml, Context.groovy}.
2023-05-20 00:24:52.524  INFO 33336 --- [    Test worker] t.c.s.AnnotationConfigContextLoaderUtils : Could not detect default configuration classes for test class [com.example.account.controller.TransactionControllerTest]: TransactionControllerTest does not declare any static, non-private, non-final, nested classes annotated with @Configuration.
2023-05-20 00:24:52.529  INFO 33336 --- [    Test worker] .b.t.c.SpringBootTestContextBootstrapper : Found @SpringBootConfiguration com.example.account.AccountApplication for test class com.example.account.controller.TransactionControllerTest
2023-05-20 00:24:52.529  INFO 33336 --- [    Test worker] .b.t.a.w.s.WebMvcTestContextBootstrapper : Loaded default TestExecutionListener class names from location [META-INF/spring.factories]: [org.springframework.boot.test.autoconfigure.restdocs.RestDocsTestExecutionListener, org.springframework.boot.test.autoconfigure.web.client.MockRestServiceServerResetTestExecutionListener, org.springframework.boot.test.autoconfigure.web.servlet.MockMvcPrintOnlyOnFailureTestExecutionListener, org.springframework.boot.test.autoconfigure.web.servlet.WebDriverTestExecutionListener, org.springframework.boot.test.autoconfigure.webservices.client.MockWebServiceServerTestExecutionListener, org.springframework.boot.test.mock.mockito.MockitoTestExecutionListener, org.springframework.boot.test.mock.mockito.ResetMocksTestExecutionListener, org.springframework.test.context.web.ServletTestExecutionListener, org.springframework.test.context.support.DirtiesContextBeforeModesTestExecutionListener, org.springframework.test.context.event.ApplicationEventsTestExecutionListener, org.springframework.test.context.support.DependencyInjectionTestExecutionListener, org.springframework.test.context.support.DirtiesContextTestExecutionListener, org.springframework.test.context.transaction.TransactionalTestExecutionListener, org.springframework.test.context.jdbc.SqlScriptsTestExecutionListener, org.springframework.test.context.event.EventPublishingTestExecutionListener]
2023-05-20 00:24:52.529  INFO 33336 --- [    Test worker] .b.t.a.w.s.WebMvcTestContextBootstrapper : Using TestExecutionListeners: [org.springframework.test.context.web.ServletTestExecutionListener@4d992634, org.springframework.test.context.support.DirtiesContextBeforeModesTestExecutionListener@2d487df4, org.springframework.test.context.event.ApplicationEventsTestExecutionListener@3a7e13c0, org.springframework.boot.test.mock.mockito.MockitoTestExecutionListener@5188c0f2, org.springframework.boot.test.autoconfigure.SpringBootDependencyInjectionTestExecutionListener@5524e471, org.springframework.test.context.support.DirtiesContextTestExecutionListener@3b6d94fc, org.springframework.test.context.transaction.TransactionalTestExecutionListener@71c77042, org.springframework.test.context.jdbc.SqlScriptsTestExecutionListener@665fb1d8, org.springframework.test.context.event.EventPublishingTestExecutionListener@142ac60e, org.springframework.boot.test.autoconfigure.restdocs.RestDocsTestExecutionListener@43376a03, org.springframework.boot.test.autoconfigure.web.client.MockRestServiceServerResetTestExecutionListener@9b84747, org.springframework.boot.test.autoconfigure.web.servlet.MockMvcPrintOnlyOnFailureTestExecutionListener@1272f6d9, org.springframework.boot.test.autoconfigure.web.servlet.WebDriverTestExecutionListener@50aa482f, org.springframework.boot.test.autoconfigure.webservices.client.MockWebServiceServerTestExecutionListener@2835574b, org.springframework.boot.test.mock.mockito.ResetMocksTestExecutionListener@63fcbf75]

  .   ____          _            __ _ _
 /\\ / ___'_ __ _ _(_)_ __  __ _ \ \ \ \
( ( )\___ | '_ | '_| | '_ \/ _` | \ \ \ \
 \\/  ___)| |_)| | | | | || (_| |  ) ) ) )
  '  |____| .__|_| |_|_| |_\__, | / / / /
 =========|_|==============|___/=/_/_/_/
 :: Spring Boot ::               (v2.7.11)

2023-05-20 00:24:52.596  INFO 33336 --- [    Test worker] c.e.a.c.TransactionControllerTest        : Starting TransactionControllerTest using Java 11.0.18 on DESKTOP-NS51B2D with PID 33336 (started by nayoo in C:\Users\nayoo\제로베이스 과제\Account)
2023-05-20 00:24:52.596  INFO 33336 --- [    Test worker] c.e.a.c.TransactionControllerTest        : No active profile set, falling back to 1 default profile: "default"
2023-05-20 00:24:52.961  INFO 33336 --- [    Test worker] o.s.b.t.m.w.SpringBootMockServletContext : Initializing Spring TestDispatcherServlet ''
2023-05-20 00:24:52.961  INFO 33336 --- [    Test worker] o.s.t.web.servlet.TestDispatcherServlet  : Initializing Servlet ''
2023-05-20 00:24:52.961  INFO 33336 --- [    Test worker] o.s.t.web.servlet.TestDispatcherServlet  : Completed initialization in 0 ms
2023-05-20 00:24:52.972  INFO 33336 --- [    Test worker] c.e.a.c.TransactionControllerTest        : Started TransactionControllerTest in 0.441 seconds (JVM running for 9.202)

MockHttpServletRequest:
      HTTP Method = POST
      Request URI = /transaction/use
       Parameters = {}
          Headers = [Content-Type:"application/json;charset=UTF-8", Content-Length:"55"]
             Body = {"userId":1,"accountNumber":"2000000000","amount":3000}
    Session Attrs = {}

Handler:
             Type = com.example.account.controller.TransactionController
           Method = com.example.account.controller.TransactionController#useBalance(Request)

Async:
    Async started = false
     Async result = null

Resolved Exception:
             Type = null

ModelAndView:
        View name = null
             View = null
            Model = null

FlashMap:
       Attributes = null

MockHttpServletResponse:
           Status = 200
    Error message = null
          Headers = [Content-Type:"application/json"]
     Content type = application/json
             Body = {"accountNumber":"1000000000","transactionResult":"S","transactionId":"transactionId","amount":12345,"transactedAt":"2023-05-20T00:24:52.9768584"}
    Forwarded URL = null
   Redirected URL = null
          Cookies = []

MockHttpServletRequest:
      HTTP Method = GET
      Request URI = /transaction/12345
       Parameters = {}
          Headers = []
             Body = null
    Session Attrs = {}

Handler:
             Type = com.example.account.controller.TransactionController
           Method = com.example.account.controller.TransactionController#queryTransaction(String)

Async:
    Async started = false
     Async result = null

Resolved Exception:
             Type = null

ModelAndView:
        View name = null
             View = null
            Model = null

FlashMap:
       Attributes = null

MockHttpServletResponse:
           Status = 200
    Error message = null
          Headers = [Content-Type:"application/json"]
     Content type = application/json
             Body = {"accountNumber":"1000000000","transactionType":"USE","transactionResult":"S","transactionId":"transactionIdForCancel","amount":54321,"transactedAt":"2023-05-20T00:24:53.0018791"}
    Forwarded URL = null
   Redirected URL = null
          Cookies = []

MockHttpServletRequest:
      HTTP Method = POST
      Request URI = /transaction/cancel
       Parameters = {}
          Headers = [Content-Type:"application/json;charset=UTF-8", Content-Length:"76"]
             Body = {"transactionId":"transactionId","accountNumber":"2000000000","amount":3000}
    Session Attrs = {}

Handler:
             Type = com.example.account.controller.TransactionController
           Method = com.example.account.controller.TransactionController#cancelBalance(Request)

Async:
    Async started = false
     Async result = null

Resolved Exception:
             Type = null

ModelAndView:
        View name = null
             View = null
            Model = null

FlashMap:
       Attributes = null

MockHttpServletResponse:
           Status = 200
    Error message = null
          Headers = [Content-Type:"application/json"]
     Content type = application/json
             Body = {"accountNumber":"1000000000","transactionResult":"S","transactionId":"transactionIdForCancel","amount":54321,"transactedAt":"2023-05-20T00:24:53.0113629"}
    Forwarded URL = null
   Redirected URL = null
          Cookies = []
]]></system-out>
  <system-err><![CDATA[]]></system-err>
</testsuite>
