<?xml version="1.0" encoding="UTF-8"?>
<testsuite name="com.example.account.service.AccountServiceTest" tests="4" skipped="0" failures="0" errors="0" timestamp="2023-05-15T10:54:09" hostname="DESKTOP-NS51B2D" time="0.55">
  <properties/>
  <testcase name="계좌 조회 성공" classname="com.example.account.service.AccountServiceTest" time="0.543"/>
  <testcase name="계좌 조회 실패 - 음수로 조회" classname="com.example.account.service.AccountServiceTest" time="0.002"/>
  <testcase name="Test 이름 변경" classname="com.example.account.service.AccountServiceTest" time="0.001"/>
  <testcase name="testGetAccount2()" classname="com.example.account.service.AccountServiceTest" time="0.001"/>
  <system-out><![CDATA[]]></system-out>
  <system-err><![CDATA[]]></system-err>
</testsuite>
