<?xml version="1.0" encoding="UTF-8"?>
<testsuite name="com.example.account.service.LockAopAspectTest" tests="2" skipped="0" failures="0" errors="0" timestamp="2023-05-21T15:35:31" hostname="DESKTOP-NS51B2D" time="0.017">
  <properties/>
  <testcase name="lockAndUnlock()" classname="com.example.account.service.LockAopAspectTest" time="0.015"/>
  <testcase name="lockAndUnlock_evenIfThrow()" classname="com.example.account.service.LockAopAspectTest" time="0.002"/>
  <system-out><![CDATA[]]></system-out>
  <system-err><![CDATA[]]></system-err>
</testsuite>
