<?xml version="1.0" encoding="UTF-8"?>
<testsuite name="com.example.account.controller.TransactionControllerTest" tests="3" skipped="0" failures="0" errors="0" timestamp="2023-05-21T15:35:24" hostname="DESKTOP-NS51B2D" time="6.052">
  <properties/>
  <testcase name="successUseBalance()" classname="com.example.account.controller.TransactionControllerTest" time="3.031"/>
  <testcase name="successQueryTransaction()" classname="com.example.account.controller.TransactionControllerTest" time="0.009"/>
  <testcase name="successCancelBalance()" classname="com.example.account.controller.TransactionControllerTest" time="3.011"/>
  <system-out><![CDATA[2023-05-22 00:35:24.323  INFO 35596 --- [    Test worker] .b.t.a.w.s.WebMvcTestContextBootstrapper : Neither @ContextConfiguration nor @ContextHierarchy found for test class [com.example.account.controller.TransactionControllerTest], using SpringBootContextLoader
2023-05-22 00:35:24.324  INFO 35596 --- [    Test worker] o.s.t.c.support.AbstractContextLoader    : Could not detect default resource locations for test class [com.example.account.controller.TransactionControllerTest]: no resource found for suffixes {-context.xml, Context.groovy}.
2023-05-22 00:35:24.324  INFO 35596 --- [    Test worker] t.c.s.AnnotationConfigContextLoaderUtils : Could not detect default configuration classes for test class [com.example.account.controller.TransactionControllerTest]: TransactionControllerTest does not declare any static, non-private, non-final, nested classes annotated with @Configuration.
2023-05-22 00:35:24.328  INFO 35596 --- [    Test worker] .b.t.c.SpringBootTestContextBootstrapper : Found @SpringBootConfiguration com.example.account.AccountApplication for test class com.example.account.controller.TransactionControllerTest
2023-05-22 00:35:24.329  INFO 35596 --- [    Test worker] .b.t.a.w.s.WebMvcTestContextBootstrapper : Loaded default TestExecutionListener class names from location [META-INF/spring.factories]: [org.springframework.boot.test.autoconfigure.restdocs.RestDocsTestExecutionListener, org.springframework.boot.test.autoconfigure.web.client.MockRestServiceServerResetTestExecutionListener, org.springframework.boot.test.autoconfigure.web.servlet.MockMvcPrintOnlyOnFailureTestExecutionListener, org.springframework.boot.test.autoconfigure.web.servlet.WebDriverTestExecutionListener, org.springframework.boot.test.autoconfigure.webservices.client.MockWebServiceServerTestExecutionListener, org.springframework.boot.test.mock.mockito.MockitoTestExecutionListener, org.springframework.boot.test.mock.mockito.ResetMocksTestExecutionListener, org.springframework.test.context.web.ServletTestExecutionListener, org.springframework.test.context.support.DirtiesContextBeforeModesTestExecutionListener, org.springframework.test.context.event.ApplicationEventsTestExecutionListener, org.springframework.test.context.support.DependencyInjectionTestExecutionListener, org.springframework.test.context.support.DirtiesContextTestExecutionListener, org.springframework.test.context.transaction.TransactionalTestExecutionListener, org.springframework.test.context.jdbc.SqlScriptsTestExecutionListener, org.springframework.test.context.event.EventPublishingTestExecutionListener]
2023-05-22 00:35:24.329  INFO 35596 --- [    Test worker] .b.t.a.w.s.WebMvcTestContextBootstrapper : Using TestExecutionListeners: [org.springframework.test.context.web.ServletTestExecutionListener@5fc3bf09, org.springframework.test.context.support.DirtiesContextBeforeModesTestExecutionListener@69f01f4b, org.springframework.test.context.event.ApplicationEventsTestExecutionListener@577e2b91, org.springframework.boot.test.mock.mockito.MockitoTestExecutionListener@68a06914, org.springframework.boot.test.autoconfigure.SpringBootDependencyInjectionTestExecutionListener@2a59a8fe, org.springframework.test.context.support.DirtiesContextTestExecutionListener@43baf0b9, org.springframework.test.context.transaction.TransactionalTestExecutionListener@653e79fc, org.springframework.test.context.jdbc.SqlScriptsTestExecutionListener@ebd4486, org.springframework.test.context.event.EventPublishingTestExecutionListener@69c413f7, org.springframework.boot.test.autoconfigure.restdocs.RestDocsTestExecutionListener@7d6f094e, org.springframework.boot.test.autoconfigure.web.client.MockRestServiceServerResetTestExecutionListener@6b886e86, org.springframework.boot.test.autoconfigure.web.servlet.MockMvcPrintOnlyOnFailureTestExecutionListener@f758e05, org.springframework.boot.test.autoconfigure.web.servlet.WebDriverTestExecutionListener@46e77fb7, org.springframework.boot.test.autoconfigure.webservices.client.MockWebServiceServerTestExecutionListener@43c73b5c, org.springframework.boot.test.mock.mockito.ResetMocksTestExecutionListener@6b1381fc]

  .   ____          _            __ _ _
 /\\ / ___'_ __ _ _(_)_ __  __ _ \ \ \ \
( ( )\___ | '_ | '_| | '_ \/ _` | \ \ \ \
 \\/  ___)| |_)| | | | | || (_| |  ) ) ) )
  '  |____| .__|_| |_|_| |_\__, | / / / /
 =========|_|==============|___/=/_/_/_/
 :: Spring Boot ::               (v2.7.11)

2023-05-22 00:35:24.369  INFO 35596 --- [    Test worker] c.e.a.c.TransactionControllerTest        : Starting TransactionControllerTest using Java 11.0.18 on DESKTOP-NS51B2D with PID 35596 (started by nayoo in C:\Users\nayoo\제로베이스 과제\Account)
2023-05-22 00:35:24.369  INFO 35596 --- [    Test worker] c.e.a.c.TransactionControllerTest        : No active profile set, falling back to 1 default profile: "default"
2023-05-22 00:35:24.862  INFO 35596 --- [    Test worker] o.s.b.t.m.w.SpringBootMockServletContext : Initializing Spring TestDispatcherServlet ''
2023-05-22 00:35:24.862  INFO 35596 --- [    Test worker] o.s.t.web.servlet.TestDispatcherServlet  : Initializing Servlet ''
2023-05-22 00:35:24.862  INFO 35596 --- [    Test worker] o.s.t.web.servlet.TestDispatcherServlet  : Completed initialization in 0 ms
2023-05-22 00:35:24.871  INFO 35596 --- [    Test worker] c.e.a.c.TransactionControllerTest        : Started TransactionControllerTest in 0.539 seconds (JVM running for 9.401)

MockHttpServletRequest:
      HTTP Method = POST
      Request URI = /transaction/use
       Parameters = {}
          Headers = [Content-Type:"application/json;charset=UTF-8", Content-Length:"55"]
             Body = {"userId":1,"accountNumber":"2000000000","amount":3000}
    Session Attrs = {}

Handler:
             Type = com.example.account.controller.TransactionController
           Method = com.example.account.controller.TransactionController#useBalance(Request)

Async:
    Async started = false
     Async result = null

Resolved Exception:
             Type = null

ModelAndView:
        View name = null
             View = null
            Model = null

FlashMap:
       Attributes = null

MockHttpServletResponse:
           Status = 200
    Error message = null
          Headers = [Content-Type:"application/json"]
     Content type = application/json
             Body = {"accountNumber":"1000000000","transactionResult":"S","transactionId":"transactionId","amount":12345,"transactedAt":"2023-05-22T00:35:24.8756622"}
    Forwarded URL = null
   Redirected URL = null
          Cookies = []

MockHttpServletRequest:
      HTTP Method = GET
      Request URI = /transaction/12345
       Parameters = {}
          Headers = []
             Body = null
    Session Attrs = {}

Handler:
             Type = com.example.account.controller.TransactionController
           Method = com.example.account.controller.TransactionController#queryTransaction(String)

Async:
    Async started = false
     Async result = null

Resolved Exception:
             Type = null

ModelAndView:
        View name = null
             View = null
            Model = null

FlashMap:
       Attributes = null

MockHttpServletResponse:
           Status = 200
    Error message = null
          Headers = [Content-Type:"application/json"]
     Content type = application/json
             Body = {"accountNumber":"1000000000","transactionType":"USE","transactionResult":"S","transactionId":"transactionIdForCancel","amount":54321,"transactedAt":"2023-05-22T00:35:27.9068943"}
    Forwarded URL = null
   Redirected URL = null
          Cookies = []

MockHttpServletRequest:
      HTTP Method = POST
      Request URI = /transaction/cancel
       Parameters = {}
          Headers = [Content-Type:"application/json;charset=UTF-8", Content-Length:"76"]
             Body = {"transactionId":"transactionId","accountNumber":"2000000000","amount":3000}
    Session Attrs = {}

Handler:
             Type = com.example.account.controller.TransactionController
           Method = com.example.account.controller.TransactionController#cancelBalance(Request)

Async:
    Async started = false
     Async result = null

Resolved Exception:
             Type = null

ModelAndView:
        View name = null
             View = null
            Model = null

FlashMap:
       Attributes = null

MockHttpServletResponse:
           Status = 200
    Error message = null
          Headers = [Content-Type:"application/json"]
     Content type = application/json
             Body = {"accountNumber":"1000000000","transactionResult":"S","transactionId":"transactionIdForCancel","amount":54321,"transactedAt":"2023-05-22T00:35:27.9168651"}
    Forwarded URL = null
   Redirected URL = null
          Cookies = []
]]></system-out>
  <system-err><![CDATA[]]></system-err>
</testsuite>
