<?xml version="1.0" encoding="UTF-8"?>
<testsuite name="com.example.account.service.LockAopAspectTest" tests="2" skipped="0" failures="0" errors="0" timestamp="2023-05-21T04:05:30" hostname="DESKTOP-NS51B2D" time="0.041">
  <properties/>
  <testcase name="lockAndUnlock()" classname="com.example.account.service.LockAopAspectTest" time="0.035"/>
  <testcase name="lockAndUnlock_evenIfThrow()" classname="com.example.account.service.LockAopAspectTest" time="0.004"/>
  <system-out><![CDATA[]]></system-out>
  <system-err><![CDATA[]]></system-err>
</testsuite>
