<?xml version="1.0" encoding="UTF-8"?>
<testsuite name="com.example.account.controller.TransactionControllerTest" tests="2" skipped="0" failures="0" errors="0" timestamp="2023-05-19T15:02:59" hostname="DESKTOP-NS51B2D" time="0.032">
  <properties/>
  <testcase name="successUseBalance()" classname="com.example.account.controller.TransactionControllerTest" time="0.021"/>
  <testcase name="successCancelBalance()" classname="com.example.account.controller.TransactionControllerTest" time="0.01"/>
  <system-out><![CDATA[2023-05-20 00:02:58.610  INFO 7216 --- [    Test worker] .b.t.a.w.s.WebMvcTestContextBootstrapper : Neither @ContextConfiguration nor @ContextHierarchy found for test class [com.example.account.controller.TransactionControllerTest], using SpringBootContextLoader
2023-05-20 00:02:58.611  INFO 7216 --- [    Test worker] o.s.t.c.support.AbstractContextLoader    : Could not detect default resource locations for test class [com.example.account.controller.TransactionControllerTest]: no resource found for suffixes {-context.xml, Context.groovy}.
2023-05-20 00:02:58.611  INFO 7216 --- [    Test worker] t.c.s.AnnotationConfigContextLoaderUtils : Could not detect default configuration classes for test class [com.example.account.controller.TransactionControllerTest]: TransactionControllerTest does not declare any static, non-private, non-final, nested classes annotated with @Configuration.
2023-05-20 00:02:58.616  INFO 7216 --- [    Test worker] .b.t.c.SpringBootTestContextBootstrapper : Found @SpringBootConfiguration com.example.account.AccountApplication for test class com.example.account.controller.TransactionControllerTest
2023-05-20 00:02:58.617  INFO 7216 --- [    Test worker] .b.t.a.w.s.WebMvcTestContextBootstrapper : Loaded default TestExecutionListener class names from location [META-INF/spring.factories]: [org.springframework.boot.test.autoconfigure.restdocs.RestDocsTestExecutionListener, org.springframework.boot.test.autoconfigure.web.client.MockRestServiceServerResetTestExecutionListener, org.springframework.boot.test.autoconfigure.web.servlet.MockMvcPrintOnlyOnFailureTestExecutionListener, org.springframework.boot.test.autoconfigure.web.servlet.WebDriverTestExecutionListener, org.springframework.boot.test.autoconfigure.webservices.client.MockWebServiceServerTestExecutionListener, org.springframework.boot.test.mock.mockito.MockitoTestExecutionListener, org.springframework.boot.test.mock.mockito.ResetMocksTestExecutionListener, org.springframework.test.context.web.ServletTestExecutionListener, org.springframework.test.context.support.DirtiesContextBeforeModesTestExecutionListener, org.springframework.test.context.event.ApplicationEventsTestExecutionListener, org.springframework.test.context.support.DependencyInjectionTestExecutionListener, org.springframework.test.context.support.DirtiesContextTestExecutionListener, org.springframework.test.context.transaction.TransactionalTestExecutionListener, org.springframework.test.context.jdbc.SqlScriptsTestExecutionListener, org.springframework.test.context.event.EventPublishingTestExecutionListener]
2023-05-20 00:02:58.617  INFO 7216 --- [    Test worker] .b.t.a.w.s.WebMvcTestContextBootstrapper : Using TestExecutionListeners: [org.springframework.test.context.web.ServletTestExecutionListener@3c5d60db, org.springframework.test.context.support.DirtiesContextBeforeModesTestExecutionListener@515b7335, org.springframework.test.context.event.ApplicationEventsTestExecutionListener@102dff25, org.springframework.boot.test.mock.mockito.MockitoTestExecutionListener@216de23a, org.springframework.boot.test.autoconfigure.SpringBootDependencyInjectionTestExecutionListener@76e10574, org.springframework.test.context.support.DirtiesContextTestExecutionListener@7c290246, org.springframework.test.context.transaction.TransactionalTestExecutionListener@3021e31, org.springframework.test.context.jdbc.SqlScriptsTestExecutionListener@4d305059, org.springframework.test.context.event.EventPublishingTestExecutionListener@3304362e, org.springframework.boot.test.autoconfigure.restdocs.RestDocsTestExecutionListener@78b293a, org.springframework.boot.test.autoconfigure.web.client.MockRestServiceServerResetTestExecutionListener@146b4c6c, org.springframework.boot.test.autoconfigure.web.servlet.MockMvcPrintOnlyOnFailureTestExecutionListener@5b166420, org.springframework.boot.test.autoconfigure.web.servlet.WebDriverTestExecutionListener@49318c2a, org.springframework.boot.test.autoconfigure.webservices.client.MockWebServiceServerTestExecutionListener@17adbecf, org.springframework.boot.test.mock.mockito.ResetMocksTestExecutionListener@59eb987a]

  .   ____          _            __ _ _
 /\\ / ___'_ __ _ _(_)_ __  __ _ \ \ \ \
( ( )\___ | '_ | '_| | '_ \/ _` | \ \ \ \
 \\/  ___)| |_)| | | | | || (_| |  ) ) ) )
  '  |____| .__|_| |_|_| |_\__, | / / / /
 =========|_|==============|___/=/_/_/_/
 :: Spring Boot ::               (v2.7.11)

2023-05-20 00:02:58.645  INFO 7216 --- [    Test worker] c.e.a.c.TransactionControllerTest        : Starting TransactionControllerTest using Java 11.0.18 on DESKTOP-NS51B2D with PID 7216 (started by nayoo in C:\Users\nayoo\제로베이스 과제\Account)
2023-05-20 00:02:58.645  INFO 7216 --- [    Test worker] c.e.a.c.TransactionControllerTest        : No active profile set, falling back to 1 default profile: "default"
2023-05-20 00:02:59.145  INFO 7216 --- [    Test worker] o.s.b.t.m.w.SpringBootMockServletContext : Initializing Spring TestDispatcherServlet ''
2023-05-20 00:02:59.145  INFO 7216 --- [    Test worker] o.s.t.web.servlet.TestDispatcherServlet  : Initializing Servlet ''
2023-05-20 00:02:59.145  INFO 7216 --- [    Test worker] o.s.t.web.servlet.TestDispatcherServlet  : Completed initialization in 0 ms
2023-05-20 00:02:59.156  INFO 7216 --- [    Test worker] c.e.a.c.TransactionControllerTest        : Started TransactionControllerTest in 0.538 seconds (JVM running for 7.665)

MockHttpServletRequest:
      HTTP Method = POST
      Request URI = /transaction/use
       Parameters = {}
          Headers = [Content-Type:"application/json;charset=UTF-8", Content-Length:"55"]
             Body = {"userId":1,"accountNumber":"2000000000","amount":3000}
    Session Attrs = {}

Handler:
             Type = com.example.account.controller.TransactionController
           Method = com.example.account.controller.TransactionController#useBalance(Request)

Async:
    Async started = false
     Async result = null

Resolved Exception:
             Type = null

ModelAndView:
        View name = null
             View = null
            Model = null

FlashMap:
       Attributes = null

MockHttpServletResponse:
           Status = 200
    Error message = null
          Headers = [Content-Type:"application/json"]
     Content type = application/json
             Body = {"accountNumber":"1000000000","transactionResult":"S","transactionId":"transactionId","amount":12345,"transactedAt":"2023-05-20T00:02:59.1617764"}
    Forwarded URL = null
   Redirected URL = null
          Cookies = []

MockHttpServletRequest:
      HTTP Method = POST
      Request URI = /transaction/cancel
       Parameters = {}
          Headers = [Content-Type:"application/json;charset=UTF-8", Content-Length:"76"]
             Body = {"transactionId":"transactionId","accountNumber":"2000000000","amount":3000}
    Session Attrs = {}

Handler:
             Type = com.example.account.controller.TransactionController
           Method = com.example.account.controller.TransactionController#cancelBalance(Request)

Async:
    Async started = false
     Async result = null

Resolved Exception:
             Type = null

ModelAndView:
        View name = null
             View = null
            Model = null

FlashMap:
       Attributes = null

MockHttpServletResponse:
           Status = 200
    Error message = null
          Headers = [Content-Type:"application/json"]
     Content type = application/json
             Body = {"accountNumber":"1000000000","transactionResult":"S","transactionId":"transactionIdForCancel","amount":54321,"transactedAt":"2023-05-20T00:02:59.183718"}
    Forwarded URL = null
   Redirected URL = null
          Cookies = []
]]></system-out>
  <system-err><![CDATA[]]></system-err>
</testsuite>
