<?xml version="1.0" encoding="UTF-8"?>
<testsuite name="com.example.account.service.AccountServiceTest" tests="4" skipped="0" failures="0" errors="0" timestamp="2023-05-17T14:06:30" hostname="DESKTOP-NS51B2D" time="0.586">
  <properties/>
  <testcase name="계좌가 10개 - 계좌 생성 실패" classname="com.example.account.service.AccountServiceTest" time="0.557"/>
  <testcase name="해당 유저 없음 - 계좌 생성 실패" classname="com.example.account.service.AccountServiceTest" time="0.001"/>
  <testcase name="createFirstAccount()" classname="com.example.account.service.AccountServiceTest" time="0.017"/>
  <testcase name="createAccountSuccess()" classname="com.example.account.service.AccountServiceTest" time="0.007"/>
  <system-out><![CDATA[]]></system-out>
  <system-err><![CDATA[]]></system-err>
</testsuite>
